root - INFO - Started reading data
root - INFO - SUCCESS!: file was found in ../data/census_cleaned.csv
root - INFO - Loading model from ../model/
root - INFO - Started reading data
root - INFO - SUCCESS!: file was found in ../data/census_cleaned.csv
root - INFO - Model wasn't found in ../model/
root - INFO - Started Trainning data
root - INFO - SUCCESS: Model Trainning Finsihes for XGBClassifier(base_score=None, booster=None, callbacks=None,
              colsample_bylevel=None, colsample_bynode=None,
              colsample_bytree=None, device=None, early_stopping_rounds=None,
              enable_categorical=False, eval_metric=None, feature_types=None,
              gamma=None, grow_policy=None, importance_type=None,
              interaction_constraints=None, learning_rate=None, max_bin=None,
              max_cat_threshold=None, max_cat_to_onehot=None,
              max_delta_step=None, max_depth=None, max_leaves=None,
              min_child_weight=None, missing=nan, monotone_constraints=None,
              multi_strategy=None, n_estimators=None, n_jobs=None,
              num_parallel_tree=None, random_state=None, ...)
root - INFO - SUCCESS: Saved model to ../model/
root - INFO - Started reading data
root - INFO - SUCCESS!: file was found in ../data/census_cleaned.csv
root - INFO - Loading model from ../model/
root - INFO - SUCCESS: Loaded model from ../model/
root - INFO - Started reading data
root - INFO - SUCCESS!: file was found in ../data/census_cleaned.csv
root - INFO - Model wasn't found in ../model/
root - INFO - Started Trainning data
root - INFO - SUCCESS: Model Trainning Finsihes for XGBClassifier(base_score=None, booster=None, callbacks=None,
              colsample_bylevel=None, colsample_bynode=None,
              colsample_bytree=0.8, device=None, early_stopping_rounds=None,
              enable_categorical=False, eval_metric=None, feature_types=None,
              gamma=0, grow_policy=None, importance_type=None,
              interaction_constraints=None, learning_rate=0.1, max_bin=None,
              max_cat_threshold=None, max_cat_to_onehot=None,
              max_delta_step=None, max_depth=5, max_leaves=None,
              min_child_weight=1, missing=nan, monotone_constraints=None,
              multi_strategy=None, n_estimators=1000, n_jobs=None, nthread=4,
              num_parallel_tree=None, ...)
root - INFO - SUCCESS: Saved model to ../model/
root - INFO - Started reading data
root - INFO - SUCCESS!: file was found in ../data/census_cleaned.csv
root - INFO - Model wasn't found in ../model/
root - INFO - Started Trainning data
root - INFO - SUCCESS: Model Trainning Finsihes for XGBClassifier(base_score=None, booster=None, callbacks=None,
              colsample_bylevel=None, colsample_bynode=None,
              colsample_bytree=0.8, device=None, early_stopping_rounds=None,
              enable_categorical=False, eval_metric=None, feature_types=None,
              gamma=0, grow_policy=None, importance_type=None,
              interaction_constraints=None, learning_rate=0.01, max_bin=None,
              max_cat_threshold=None, max_cat_to_onehot=None,
              max_delta_step=None, max_depth=5, max_leaves=None,
              min_child_weight=1, missing=nan, monotone_constraints=None,
              multi_strategy=None, n_estimators=1000, n_jobs=None, nthread=4,
              num_parallel_tree=None, ...)
root - INFO - SUCCESS: Saved model to ../model/
root - INFO - Started reading data
root - INFO - SUCCESS!: file was found in ../data/census_cleaned.csv
root - INFO - Model wasn't found in ../model/
root - INFO - Started Trainning data
root - INFO - SUCCESS: Model Trainning Finsihes for XGBClassifier(base_score=None, booster=None, callbacks=None,
              colsample_bylevel=None, colsample_bynode=None,
              colsample_bytree=0.8, device=None, early_stopping_rounds=None,
              enable_categorical=False, eval_metric=None, feature_types=None,
              gamma=0, grow_policy=None, importance_type=None,
              interaction_constraints=None, learning_rate=0.09, max_bin=None,
              max_cat_threshold=None, max_cat_to_onehot=None,
              max_delta_step=None, max_depth=5, max_leaves=None,
              min_child_weight=1, missing=nan, monotone_constraints=None,
              multi_strategy=None, n_estimators=1000, n_jobs=None, nthread=4,
              num_parallel_tree=None, ...)
root - INFO - SUCCESS: Saved model to ../model/
root - INFO - Started reading data
root - INFO - SUCCESS!: file was found in ../data/census_cleaned.csv
root - INFO - Model wasn't found in ../model/
root - INFO - Started Trainning data
root - INFO - Started reading data
root - INFO - SUCCESS!: file was found in ../data/census_cleaned.csv
root - INFO - Model wasn't found in ../model/
root - INFO - Started Trainning data
root - INFO - SUCCESS: Model Trainning Finsihes for GridSearchCV(cv=5,
             estimator=XGBClassifier(base_score=None, booster=None,
                                     callbacks=None, colsample_bylevel=None,
                                     colsample_bynode=None,
                                     colsample_bytree=None, device=None,
                                     early_stopping_rounds=None,
                                     enable_categorical=False, eval_metric=None,
                                     feature_types=None, gamma=None,
                                     grow_policy=None, importance_type=None,
                                     interaction_constraints=None,
                                     learning_rate=None,...
                                     max_cat_threshold=None,
                                     max_cat_to_onehot=None,
                                     max_delta_step=None, max_depth=None,
                                     max_leaves=None, min_child_weight=None,
                                     missing=nan, monotone_constraints=None,
                                     multi_strategy=None, n_estimators=None,
                                     n_jobs=None, num_parallel_tree=None,
                                     random_state=None, ...),
             param_grid={'learning_rate': [0.1, 0.01, 0.001],
                         'max_depth': [3, 5, 7], 'subsample': [0.5, 0.7, 1]},
             scoring='accuracy')
root - INFO - SUCCESS: Saved model to ../model/
root - INFO - Started reading data
root - INFO - SUCCESS!: file was found in ../data/census_cleaned.csv
root - INFO - Loading model from ../model/
root - INFO - SUCCESS: Loaded model from ../model/
root - INFO - Started reading data
root - INFO - SUCCESS!: file was found in ../data/census_cleaned.csv
root - INFO - Loading model from ../model/
root - INFO - SUCCESS: Loaded model from ../model/
root - INFO - Started reading data
root - INFO - SUCCESS!: file was found in ../data/census_cleaned.csv
root - INFO - Model wasn't found in ../model/
root - INFO - Started Trainning data
root - INFO - Started reading data
root - INFO - SUCCESS!: file was found in ../data/census_cleaned.csv
root - INFO - Model wasn't found in ../model/
root - INFO - Started Trainning data
root - INFO - SUCCESS: Model Trainning Finsihes for RandomizedSearchCV(cv=5,
                   estimator=XGBClassifier(base_score=None, booster=None,
                                           callbacks=None,
                                           colsample_bylevel=None,
                                           colsample_bynode=None,
                                           colsample_bytree=None, device=None,
                                           early_stopping_rounds=None,
                                           enable_categorical=False,
                                           eval_metric=None, feature_types=None,
                                           gamma=None, grow_policy=None,
                                           importance_type=None,
                                           interaction_constraints=None,
                                           learning_rate...
                   param_distributions={'learning_rate': <scipy.stats._distn_infrastructure.rv_continuous_frozen object at 0x7f72b8715d60>,
                                        'max_depth': <scipy.stats._distn_infrastructure.rv_discrete_frozen object at 0x7f72b8715610>,
                                        'n_estimators': <scipy.stats._distn_infrastructure.rv_discrete_frozen object at 0x7f72b8715e20>,
                                        'subsample': <scipy.stats._distn_infrastructure.rv_continuous_frozen object at 0x7f72b8715d90>},
                   scoring='accuracy')
root - INFO - SUCCESS: Saved model to ../model/
root - INFO - Started reading data
root - INFO - SUCCESS!: file was found in ../data/census_cleaned.csv
root - INFO - Model wasn't found in ../model/
root - INFO - Started Trainning data
root - INFO - SUCCESS: Model Trainning Finsihes for RandomForestClassifier()
root - INFO - SUCCESS: Saved model to ../model/
root - INFO - Started reading data
root - INFO - SUCCESS!: file was found in ../data/census_cleaned.csv
root - INFO - Model wasn't found in ../model/
root - INFO - Started Trainning data
root - INFO - Started reading data
root - INFO - SUCCESS!: file was found in ../data/census_cleaned.csv
root - INFO - Model wasn't found in ../model/
root - INFO - Started Trainning data
root - INFO - SUCCESS: Model Trainning Finsihes for GridSearchCV(estimator=RandomForestClassifier(),
             param_grid={'max_depth': [3, 6, 9],
                         'max_features': ['sqrt', 'log2', None],
                         'max_leaf_nodes': [3, 6, 9],
                         'n_estimators': [25, 50, 100, 150]})
root - INFO - SUCCESS: Saved model to ../model/
root - INFO - Started reading data
root - INFO - SUCCESS!: file was found in ../data/census_cleaned.csv
root - INFO - Model wasn't found in ../model/
root - INFO - Started Trainning data
root - INFO - SUCCESS: Model Trainning Finsihes for RandomizedSearchCV(cv=5,
                   estimator=XGBClassifier(base_score=None, booster=None,
                                           callbacks=None,
                                           colsample_bylevel=None,
                                           colsample_bynode=None,
                                           colsample_bytree=None, device=None,
                                           early_stopping_rounds=None,
                                           enable_categorical=False,
                                           eval_metric=None, feature_types=None,
                                           gamma=None, grow_policy=None,
                                           importance_type=None,
                                           interaction_constraints=None,
                                           learning_rate...
                   param_distributions={'learning_rate': <scipy.stats._distn_infrastructure.rv_continuous_frozen object at 0x7fc3fc04bd60>,
                                        'max_depth': <scipy.stats._distn_infrastructure.rv_discrete_frozen object at 0x7fc3fc04b610>,
                                        'n_estimators': <scipy.stats._distn_infrastructure.rv_discrete_frozen object at 0x7fc3fc04be20>,
                                        'subsample': <scipy.stats._distn_infrastructure.rv_continuous_frozen object at 0x7fc3fc04bd90>},
                   scoring='accuracy')
root - INFO - SUCCESS: Saved model to ../model/
